<?xml version="1.0" encoding="UTF-8"?>
<!-- Generated by org.testng.reporters.JUnitReportReporter -->
<testsuite hostname="DESKTOP-79L1OC3" failures="0" tests="1" name="dev.djob.id.TestSolver" time="18.947" errors="0" timestamp="2024-01-25T13:44:03 WAT" skipped="0">
  <testcase classname="dev.djob.id.TestSolver" name="buildTestSolver" time="18.947"/>
  <system-out/>
</testsuite> <!-- dev.djob.id.TestSolver -->
