<?xml version="1.0" encoding="UTF-8"?>
<!-- Generated by org.testng.reporters.JUnitReportReporter -->
<testsuite hostname="DESKTOP-79L1OC3" failures="0" tests="1" name="dev.djob.id.TestSolver" time="6.315" errors="0" timestamp="2024-01-22T16:26:29 WAT" skipped="0">
  <testcase classname="dev.djob.id.TestSolver" name="buildTestSolver" time="6.315"/>
  <system-out/>
</testsuite> <!-- dev.djob.id.TestSolver -->
