<?xml version="1.0" encoding="UTF-8"?>
<!-- Generated by org.testng.reporters.JUnitReportReporter -->
<testsuite hostname="DESKTOP-79L1OC3" failures="0" tests="91" name="dev.djob.id.QuadraticEquationSolverTest" time="5.409" errors="0" timestamp="2024-01-25T13:44:04 WAT" skipped="0">
  <testcase classname="dev.djob.id.QuadraticEquationSolverTest" name="testSolveA_TresGrandNegatif_B_TresGrandPositif_C_Zero_" time="0.030"/>
  <system-out/>
  <testcase classname="dev.djob.id.QuadraticEquationSolverTest" name="testSolveA_TresProcheDeZeroPositif_B_TresProcheDeZeroNegatif_C_NegatifNormal_" time="0.027"/>
  <system-out/>
  <testcase classname="dev.djob.id.QuadraticEquationSolverTest" name="testSolveA_TresGrandNegatif_B_TresProcheDeZeroPositif_C_TresProcheDeZeroNegatif_" time="0.018"/>
  <system-out/>
  <testcase classname="dev.djob.id.QuadraticEquationSolverTest" name="testSolveA_TresGrandNegatif_B_NegatifNormal_C_TresGrandNegatif_" time="0.088"/>
  <system-out/>
  <testcase classname="dev.djob.id.QuadraticEquationSolverTest" name="testSolveA_TresProcheDeZeroNegatif_B_NegatifNormal_C_ProcheDeZeroPositif_" time="0.103"/>
  <system-out/>
  <testcase classname="dev.djob.id.QuadraticEquationSolverTest" name="testSolveA_TresProcheDeZeroNegatif_B_TresProcheDeZeroPositif_C_TresGrandPositif_" time="0.025"/>
  <system-out/>
  <testcase classname="dev.djob.id.QuadraticEquationSolverTest" name="testSolveA_ProcheDeZeroNegatif_B_TresGrandPositif_C_ProcheDeZeroPositif_" time="0.102"/>
  <system-out/>
  <testcase classname="dev.djob.id.QuadraticEquationSolverTest" name="testSolveA_ProcheDeZeroPositif_B_PositifNormal_C_TresGrandPositif_" time="0.094"/>
  <system-out/>
  <testcase classname="dev.djob.id.QuadraticEquationSolverTest" name="testSolveA_ProcheDeZeroPositif_B_ProcheDeZeroPositif_C_NegatifNormal_" time="0.056"/>
  <system-out/>
  <testcase classname="dev.djob.id.QuadraticEquationSolverTest" name="testSolveA_TresGrandPositif_B_NegatifNormal_C_TresGrandPositif_" time="0.034"/>
  <system-out/>
  <testcase classname="dev.djob.id.QuadraticEquationSolverTest" name="testSolveA_Zero_B_NegatifNormal_C_NegatifNormal_" time="0.042"/>
  <system-out/>
  <testcase classname="dev.djob.id.QuadraticEquationSolverTest" name="testSolveA_TresProcheDeZeroPositif_B_TresProcheDeZeroPositif_C_TresGrandNegatif_" time="0.082"/>
  <system-out/>
  <testcase classname="dev.djob.id.QuadraticEquationSolverTest" name="testSolveA_ProcheDeZeroNegatif_B_ProcheDeZeroPositif_C_TresProcheDeZeroNegatif_" time="0.017"/>
  <system-out/>
  <testcase classname="dev.djob.id.QuadraticEquationSolverTest" name="testSolveA_PositifNormal_B_NegatifNormal_C_ProcheDeZeroNegatif_" time="0.069"/>
  <system-out/>
  <testcase classname="dev.djob.id.QuadraticEquationSolverTest" name="testSolveA_PositifNormal_B_TresProcheDeZeroPositif_C_ProcheDeZeroPositif_" time="0.024"/>
  <system-out/>
  <testcase classname="dev.djob.id.QuadraticEquationSolverTest" name="testSolveA_PositifNormal_B_Zero_C_TresGrandPositif_" time="0.086"/>
  <system-out/>
  <testcase classname="dev.djob.id.QuadraticEquationSolverTest" name="testSolveA_PositifNormal_B_TresProcheDeZeroNegatif_C_TresProcheDeZeroPositif_" time="0.055"/>
  <system-out/>
  <testcase classname="dev.djob.id.QuadraticEquationSolverTest" name="testSolveA_TresGrandPositif_B_TresProcheDeZeroNegatif_C_ProcheDeZeroPositif_" time="0.036"/>
  <system-out/>
  <testcase classname="dev.djob.id.QuadraticEquationSolverTest" name="testSolveA_TresGrandNegatif_B_TresGrandNegatif_C_ProcheDeZeroPositif_" time="0.045"/>
  <system-out/>
  <testcase classname="dev.djob.id.QuadraticEquationSolverTest" name="testSolveA_TresGrandPositif_B_Zero_C_TresProcheDeZeroNegatif_" time="0.081"/>
  <system-out/>
  <testcase classname="dev.djob.id.QuadraticEquationSolverTest" name="testSolveA_TresGrandPositif_B_ProcheDeZeroPositif_C_ProcheDeZeroPositif_" time="0.033"/>
  <system-out/>
  <testcase classname="dev.djob.id.QuadraticEquationSolverTest" name="testSolveA_TresProcheDeZeroPositif_B_NegatifNormal_C_Zero_" time="0.083"/>
  <system-out/>
  <testcase classname="dev.djob.id.QuadraticEquationSolverTest" name="testSolveA_TresGrandPositif_B_TresGrandNegatif_C_ProcheDeZeroNegatif_" time="0.091"/>
  <system-out/>
  <testcase classname="dev.djob.id.QuadraticEquationSolverTest" name="testSolveA_TresProcheDeZeroNegatif_B_TresProcheDeZeroNegatif_C_TresGrandPositif_" time="0.062"/>
  <system-out/>
  <testcase classname="dev.djob.id.QuadraticEquationSolverTest" name="testSolveA_PositifNormal_B_ProcheDeZeroNegatif_C_NegatifNormal_" time="0.029"/>
  <system-out/>
  <testcase classname="dev.djob.id.QuadraticEquationSolverTest" name="testSolveA_TresProcheDeZeroPositif_B_Zero_C_ProcheDeZeroPositif_" time="0.089"/>
  <system-out/>
  <testcase classname="dev.djob.id.QuadraticEquationSolverTest" name="testSolveA_NegatifNormal_B_TresGrandNegatif_C_Zero_" time="0.099"/>
  <system-out/>
  <testcase classname="dev.djob.id.QuadraticEquationSolverTest" name="testSolveA_NegatifNormal_B_Zero_C_NegatifNormal_" time="0.022"/>
  <system-out/>
  <testcase classname="dev.djob.id.QuadraticEquationSolverTest" name="testSolveA_TresProcheDeZeroPositif_B_TresGrandNegatif_C_TresProcheDeZeroNegatif_" time="0.031"/>
  <system-out/>
  <testcase classname="dev.djob.id.QuadraticEquationSolverTest" name="testSolveA_ProcheDeZeroPositif_B_TresGrandNegatif_C_TresGrandNegatif_" time="0.023"/>
  <system-out/>
  <testcase classname="dev.djob.id.QuadraticEquationSolverTest" name="testSolveA_TresProcheDeZeroNegatif_B_ProcheDeZeroPositif_C_PositifNormal_" time="0.049"/>
  <system-out/>
  <testcase classname="dev.djob.id.QuadraticEquationSolverTest" name="testSolveA_TresGrandNegatif_B_Zero_C_PositifNormal_" time="0.023"/>
  <system-out/>
  <testcase classname="dev.djob.id.QuadraticEquationSolverTest" name="testSolveA_PositifNormal_B_TresGrandNegatif_C_TresProcheDeZeroNegatif_" time="0.043"/>
  <system-out/>
  <testcase classname="dev.djob.id.QuadraticEquationSolverTest" name="testSolveA_TresGrandPositif_B_TresGrandNegatif_C_PositifNormal_" time="0.020"/>
  <system-out/>
  <testcase classname="dev.djob.id.QuadraticEquationSolverTest" name="testSolveA_TresGrandPositif_B_TresProcheDeZeroPositif_C_TresProcheDeZeroPositif_" time="0.059"/>
  <system-out/>
  <testcase classname="dev.djob.id.QuadraticEquationSolverTest" name="testSolveA_NegatifNormal_B_ProcheDeZeroPositif_C_TresGrandNegatif_" time="0.080"/>
  <system-out/>
  <testcase classname="dev.djob.id.QuadraticEquationSolverTest" name="testSolveA_ProcheDeZeroPositif_B_Zero_C_TresProcheDeZeroPositif_" time="0.071"/>
  <system-out/>
  <testcase classname="dev.djob.id.QuadraticEquationSolverTest" name="testSolveA_ProcheDeZeroPositif_B_TresGrandPositif_C_ProcheDeZeroNegatif_" time="0.073"/>
  <system-out/>
  <testcase classname="dev.djob.id.QuadraticEquationSolverTest" name="testSolveA_TresGrandPositif_B_TresGrandPositif_C_NegatifNormal_" time="0.064"/>
  <system-out/>
  <testcase classname="dev.djob.id.QuadraticEquationSolverTest" name="testSolveA_NegatifNormal_B_PositifNormal_C_ProcheDeZeroNegatif_" time="0.101"/>
  <system-out/>
  <testcase classname="dev.djob.id.QuadraticEquationSolverTest" name="testSolveA_TresProcheDeZeroPositif_B_PositifNormal_C_PositifNormal_" time="0.097"/>
  <system-out/>
  <testcase classname="dev.djob.id.QuadraticEquationSolverTest" name="testSolveA_Zero_B_TresProcheDeZeroPositif_C_PositifNormal_" time="0.035"/>
  <system-out/>
  <testcase classname="dev.djob.id.QuadraticEquationSolverTest" name="testSolveA_ProcheDeZeroPositif_B_TresProcheDeZeroPositif_C_Zero_" time="0.052"/>
  <system-out/>
  <testcase classname="dev.djob.id.QuadraticEquationSolverTest" name="testSolveA_TresGrandNegatif_B_ProcheDeZeroNegatif_C_TresProcheDeZeroPositif_" time="0.016"/>
  <system-out/>
  <testcase classname="dev.djob.id.QuadraticEquationSolverTest" name="testSolveA_TresProcheDeZeroPositif_B_PositifNormal_C_ProcheDeZeroPositif_" time="0.067"/>
  <system-out/>
  <testcase classname="dev.djob.id.QuadraticEquationSolverTest" name="testSolveA_Zero_B_TresProcheDeZeroNegatif_C_Zero_" time="0.080"/>
  <system-out/>
  <testcase classname="dev.djob.id.QuadraticEquationSolverTest" name="testSolveA_NegatifNormal_B_TresGrandPositif_C_ProcheDeZeroPositif_" time="0.021"/>
  <system-out/>
  <testcase classname="dev.djob.id.QuadraticEquationSolverTest" name="testSolveA_TresProcheDeZeroPositif_B_ProcheDeZeroNegatif_C_TresGrandPositif_" time="0.057"/>
  <system-out/>
  <testcase classname="dev.djob.id.QuadraticEquationSolverTest" name="testSolveA_ProcheDeZeroNegatif_B_NegatifNormal_C_TresProcheDeZeroPositif_" time="0.061"/>
  <system-out/>
  <testcase classname="dev.djob.id.QuadraticEquationSolverTest" name="testSolveA_TresGrandNegatif_B_ProcheDeZeroPositif_C_TresGrandPositif_" time="0.076"/>
  <system-out/>
  <testcase classname="dev.djob.id.QuadraticEquationSolverTest" name="testSolveA_PositifNormal_B_Zero_C_PositifNormal_" time="0.070"/>
  <system-out/>
  <testcase classname="dev.djob.id.QuadraticEquationSolverTest" name="testSolveA_TresProcheDeZeroPositif_B_TresProcheDeZeroPositif_C_ProcheDeZeroNegatif_" time="0.074"/>
  <system-out/>
  <testcase classname="dev.djob.id.QuadraticEquationSolverTest" name="testSolveA_NegatifNormal_B_ProcheDeZeroNegatif_C_TresProcheDeZeroPositif_" time="0.038"/>
  <system-out/>
  <testcase classname="dev.djob.id.QuadraticEquationSolverTest" name="testSolveA_TresGrandNegatif_B_TresProcheDeZeroNegatif_C_ProcheDeZeroNegatif_" time="0.102"/>
  <system-out/>
  <testcase classname="dev.djob.id.QuadraticEquationSolverTest" name="testSolveA_TresProcheDeZeroNegatif_B_TresGrandNegatif_C_NegatifNormal_" time="0.066"/>
  <system-out/>
  <testcase classname="dev.djob.id.QuadraticEquationSolverTest" name="testSolveA_Zero_B_TresGrandNegatif_C_TresProcheDeZeroPositif_" time="0.052"/>
  <system-out/>
  <testcase classname="dev.djob.id.QuadraticEquationSolverTest" name="testSolveA_NegatifNormal_B_TresProcheDeZeroPositif_C_NegatifNormal_" time="0.072"/>
  <system-out/>
  <testcase classname="dev.djob.id.QuadraticEquationSolverTest" name="testSolveA_Zero_B_TresGrandPositif_C_TresGrandPositif_" time="0.041"/>
  <system-out/>
  <testcase classname="dev.djob.id.QuadraticEquationSolverTest" name="testSolveA_NegatifNormal_B_NegatifNormal_C_TresProcheDeZeroNegatif_" time="0.050"/>
  <system-out/>
  <testcase classname="dev.djob.id.QuadraticEquationSolverTest" name="testSolveA_ProcheDeZeroNegatif_B_ProcheDeZeroNegatif_C_PositifNormal_" time="0.032"/>
  <system-out/>
  <testcase classname="dev.djob.id.QuadraticEquationSolverTest" name="testSolveA_TresProcheDeZeroNegatif_B_TresGrandPositif_C_Zero_" time="0.092"/>
  <system-out/>
  <testcase classname="dev.djob.id.QuadraticEquationSolverTest" name="testSolveA_PositifNormal_B_ProcheDeZeroPositif_C_Zero_" time="0.098"/>
  <system-out/>
  <testcase classname="dev.djob.id.QuadraticEquationSolverTest" name="testSolveA_Zero_B_PositifNormal_C_TresProcheDeZeroNegatif_" time="0.069"/>
  <system-out/>
  <testcase classname="dev.djob.id.QuadraticEquationSolverTest" name="testSolveA_ProcheDeZeroNegatif_B_TresProcheDeZeroPositif_C_ProcheDeZeroNegatif_" time="0.037"/>
  <system-out/>
  <testcase classname="dev.djob.id.QuadraticEquationSolverTest" name="testSolveA_ProcheDeZeroNegatif_B_TresGrandNegatif_C_TresGrandPositif_" time="0.042"/>
  <system-out/>
  <testcase classname="dev.djob.id.QuadraticEquationSolverTest" name="testSolveA_PositifNormal_B_TresGrandPositif_C_TresGrandNegatif_" time="0.099"/>
  <system-out/>
  <testcase classname="dev.djob.id.QuadraticEquationSolverTest" name="testSolveA_TresGrandPositif_B_PositifNormal_C_TresGrandNegatif_" time="0.066"/>
  <system-out/>
  <testcase classname="dev.djob.id.QuadraticEquationSolverTest" name="testSolveA_Zero_B_Zero_C_TresGrandNegatif_" time="0.087"/>
  <system-out/>
  <testcase classname="dev.djob.id.QuadraticEquationSolverTest" name="testSolveA_PositifNormal_B_NegatifNormal_C_PositifNormal_" time="0.074"/>
  <system-out/>
  <testcase classname="dev.djob.id.QuadraticEquationSolverTest" name="testSolveA_TresProcheDeZeroNegatif_B_Zero_C_ProcheDeZeroNegatif_" time="0.060"/>
  <system-out/>
  <testcase classname="dev.djob.id.QuadraticEquationSolverTest" name="testSolveA_TresGrandPositif_B_ProcheDeZeroNegatif_C_Zero_" time="0.036"/>
  <system-out/>
  <testcase classname="dev.djob.id.QuadraticEquationSolverTest" name="testSolveA_Zero_B_ProcheDeZeroPositif_C_ProcheDeZeroNegatif_" time="0.076"/>
  <system-out/>
  <testcase classname="dev.djob.id.QuadraticEquationSolverTest" name="testSolveA_ProcheDeZeroPositif_B_TresGrandPositif_C_TresProcheDeZeroPositif_" time="0.078"/>
  <system-out/>
  <testcase classname="dev.djob.id.QuadraticEquationSolverTest" name="testSolveA_ProcheDeZeroNegatif_B_PositifNormal_C_NegatifNormal_" time="0.068"/>
  <system-out/>
  <testcase classname="dev.djob.id.QuadraticEquationSolverTest" name="testSolveA_TresProcheDeZeroNegatif_B_ProcheDeZeroPositif_C_TresProcheDeZeroNegatif_" time="0.031"/>
  <system-out/>
  <testcase classname="dev.djob.id.QuadraticEquationSolverTest" name="testSolveA_TresProcheDeZeroNegatif_B_PositifNormal_C_TresProcheDeZeroPositif_" time="0.088"/>
  <system-out/>
  <testcase classname="dev.djob.id.QuadraticEquationSolverTest" name="testSolveA_NegatifNormal_B_TresProcheDeZeroNegatif_C_PositifNormal_" time="0.027"/>
  <system-out/>
  <testcase classname="dev.djob.id.QuadraticEquationSolverTest" name="testSolveA_ProcheDeZeroNegatif_B_Zero_C_Zero_" time="0.078"/>
  <system-out/>
  <testcase classname="dev.djob.id.QuadraticEquationSolverTest" name="testSolveA_ProcheDeZeroPositif_B_TresProcheDeZeroNegatif_C_TresProcheDeZeroNegatif_" time="0.047"/>
  <system-out/>
  <testcase classname="dev.djob.id.QuadraticEquationSolverTest" name="testSolveA_Zero_B_ProcheDeZeroNegatif_C_ProcheDeZeroPositif_" time="0.096"/>
  <system-out/>
  <testcase classname="dev.djob.id.QuadraticEquationSolverTest" name="testSolveA_ProcheDeZeroPositif_B_ProcheDeZeroNegatif_C_ProcheDeZeroNegatif_" time="0.026"/>
  <system-out/>
  <testcase classname="dev.djob.id.QuadraticEquationSolverTest" name="testSolveA_TresProcheDeZeroPositif_B_TresGrandPositif_C_TresProcheDeZeroNegatif_" time="0.071"/>
  <system-out/>
  <testcase classname="dev.djob.id.QuadraticEquationSolverTest" name="testSolveA_ProcheDeZeroPositif_B_NegatifNormal_C_ProcheDeZeroPositif_" time="0.039"/>
  <system-out/>
  <testcase classname="dev.djob.id.QuadraticEquationSolverTest" name="testSolveA_TresProcheDeZeroNegatif_B_ProcheDeZeroNegatif_C_TresGrandNegatif_" time="0.100"/>
  <system-out/>
  <testcase classname="dev.djob.id.QuadraticEquationSolverTest" name="testSolveA_NegatifNormal_B_Zero_C_TresGrandPositif_" time="0.026"/>
  <system-out/>
  <testcase classname="dev.djob.id.QuadraticEquationSolverTest" name="testSolveA_TresGrandNegatif_B_PositifNormal_C_NegatifNormal_" time="0.058"/>
  <system-out/>
  <testcase classname="dev.djob.id.QuadraticEquationSolverTest" name="testSolveA_ProcheDeZeroNegatif_B_TresProcheDeZeroNegatif_C_TresGrandNegatif_" time="0.079"/>
  <system-out/>
  <testcase classname="dev.djob.id.QuadraticEquationSolverTest" name="testSolveA_PositifNormal_B_PositifNormal_C_Zero_" time="0.085"/>
  <system-out/>
  <testcase classname="dev.djob.id.QuadraticEquationSolverTest" name="testSolveA_TresProcheDeZeroPositif_B_ProcheDeZeroPositif_C_TresProcheDeZeroPositif_" time="0.053"/>
  <system-out/>
  <testcase classname="dev.djob.id.QuadraticEquationSolverTest" name="testSolveA_ProcheDeZeroPositif_B_TresGrandPositif_C_PositifNormal_" time="0.017"/>
  <system-out/>
  <testcase classname="dev.djob.id.QuadraticEquationSolverTest" name="testSolveA_ProcheDeZeroPositif_B_ProcheDeZeroNegatif_C_TresProcheDeZeroNegatif_" time="0.088"/>
  <system-out/>
</testsuite> <!-- dev.djob.id.QuadraticEquationSolverTest -->
