<?xml version="1.0" encoding="UTF-8"?>
<!-- Generated by org.testng.reporters.JUnitReportReporter -->
<testsuite hostname="DESKTOP-79L1OC3" failures="0" tests="1" name="dev.djob.id.AppTest" time="0.005" errors="0" timestamp="2024-01-25T03:46:11 WAT" skipped="0">
  <testcase classname="dev.djob.id.AppTest" name="shouldAnswerWithTrue" time="0.005"/>
  <system-out/>
</testsuite> <!-- dev.djob.id.AppTest -->
