<?xml version="1.0" encoding="UTF-8"?>
<!-- Generated by org.testng.reporters.JUnitReportReporter -->
<testsuite hostname="DESKTOP-79L1OC3" failures="0" tests="91" name="dev.djob.id.QuadraticEquationSolverTest" time="18.539" errors="0" timestamp="2024-01-25T19:21:14 WAT" skipped="0">
  <testcase classname="dev.djob.id.QuadraticEquationSolverTest" name="testSolveA_PositifNormal_B_TresProcheDeZeroNegatif_C_TresProcheDeZeroPositif_" time="0.180"/>
  <system-out/>
  <testcase classname="dev.djob.id.QuadraticEquationSolverTest" name="testSolveA_TresProcheDeZeroNegatif_B_TresProcheDeZeroPositif_C_TresGrandPositif_" time="0.120"/>
  <system-out/>
  <testcase classname="dev.djob.id.QuadraticEquationSolverTest" name="testSolveA_TresProcheDeZeroNegatif_B_ProcheDeZeroPositif_C_TresProcheDeZeroNegatif_" time="0.153"/>
  <system-out/>
  <testcase classname="dev.djob.id.QuadraticEquationSolverTest" name="testSolveA_ProcheDeZeroPositif_B_TresGrandPositif_C_PositifNormal_" time="0.083"/>
  <system-out/>
  <testcase classname="dev.djob.id.QuadraticEquationSolverTest" name="testSolveA_Zero_B_Zero_C_TresGrandNegatif_" time="0.294"/>
  <system-out/>
  <testcase classname="dev.djob.id.QuadraticEquationSolverTest" name="testSolveA_ProcheDeZeroPositif_B_ProcheDeZeroPositif_C_NegatifNormal_" time="0.181"/>
  <system-out/>
  <testcase classname="dev.djob.id.QuadraticEquationSolverTest" name="testSolveA_TresGrandPositif_B_TresGrandNegatif_C_ProcheDeZeroNegatif_" time="0.301"/>
  <system-out/>
  <testcase classname="dev.djob.id.QuadraticEquationSolverTest" name="testSolveA_ProcheDeZeroPositif_B_TresProcheDeZeroPositif_C_Zero_" time="0.179"/>
  <system-out/>
  <testcase classname="dev.djob.id.QuadraticEquationSolverTest" name="testSolveA_NegatifNormal_B_PositifNormal_C_ProcheDeZeroNegatif_" time="0.310"/>
  <system-out/>
  <testcase classname="dev.djob.id.QuadraticEquationSolverTest" name="testSolveA_TresProcheDeZeroPositif_B_ProcheDeZeroPositif_C_TresProcheDeZeroPositif_" time="0.180"/>
  <system-out/>
  <testcase classname="dev.djob.id.QuadraticEquationSolverTest" name="testSolveA_ProcheDeZeroPositif_B_TresGrandPositif_C_TresProcheDeZeroPositif_" time="0.225"/>
  <system-out/>
  <testcase classname="dev.djob.id.QuadraticEquationSolverTest" name="testSolveA_ProcheDeZeroNegatif_B_TresGrandPositif_C_ProcheDeZeroPositif_" time="0.311"/>
  <system-out/>
  <testcase classname="dev.djob.id.QuadraticEquationSolverTest" name="testSolveA_PositifNormal_B_NegatifNormal_C_ProcheDeZeroNegatif_" time="0.206"/>
  <system-out/>
  <testcase classname="dev.djob.id.QuadraticEquationSolverTest" name="testSolveA_ProcheDeZeroNegatif_B_TresProcheDeZeroNegatif_C_TresGrandNegatif_" time="0.227"/>
  <system-out/>
  <testcase classname="dev.djob.id.QuadraticEquationSolverTest" name="testSolveA_TresProcheDeZeroPositif_B_Zero_C_ProcheDeZeroPositif_" time="0.299"/>
  <system-out/>
  <testcase classname="dev.djob.id.QuadraticEquationSolverTest" name="testSolveA_Zero_B_TresProcheDeZeroNegatif_C_Zero_" time="0.268"/>
  <system-out/>
  <testcase classname="dev.djob.id.QuadraticEquationSolverTest" name="testSolveA_PositifNormal_B_ProcheDeZeroPositif_C_Zero_" time="0.307"/>
  <system-out/>
  <testcase classname="dev.djob.id.QuadraticEquationSolverTest" name="testSolveA_NegatifNormal_B_Zero_C_NegatifNormal_" time="0.103"/>
  <system-out/>
  <testcase classname="dev.djob.id.QuadraticEquationSolverTest" name="testSolveA_ProcheDeZeroNegatif_B_TresGrandNegatif_C_TresGrandPositif_" time="0.175"/>
  <system-out/>
  <testcase classname="dev.djob.id.QuadraticEquationSolverTest" name="testSolveA_NegatifNormal_B_TresGrandNegatif_C_Zero_" time="0.308"/>
  <system-out/>
  <testcase classname="dev.djob.id.QuadraticEquationSolverTest" name="testSolveA_TresGrandNegatif_B_TresProcheDeZeroNegatif_C_ProcheDeZeroNegatif_" time="0.310"/>
  <system-out/>
  <testcase classname="dev.djob.id.QuadraticEquationSolverTest" name="testSolveA_Zero_B_PositifNormal_C_TresProcheDeZeroNegatif_" time="0.205"/>
  <system-out/>
  <testcase classname="dev.djob.id.QuadraticEquationSolverTest" name="testSolveA_Zero_B_TresGrandNegatif_C_TresProcheDeZeroPositif_" time="0.179"/>
  <system-out/>
  <testcase classname="dev.djob.id.QuadraticEquationSolverTest" name="testSolveA_TresGrandPositif_B_TresGrandPositif_C_NegatifNormal_" time="0.198"/>
  <system-out/>
  <testcase classname="dev.djob.id.QuadraticEquationSolverTest" name="testSolveA_TresProcheDeZeroPositif_B_PositifNormal_C_ProcheDeZeroPositif_" time="0.202"/>
  <system-out/>
  <testcase classname="dev.djob.id.QuadraticEquationSolverTest" name="testSolveA_TresProcheDeZeroPositif_B_TresGrandPositif_C_TresProcheDeZeroNegatif_" time="0.213"/>
  <system-out/>
  <testcase classname="dev.djob.id.QuadraticEquationSolverTest" name="testSolveA_NegatifNormal_B_NegatifNormal_C_TresProcheDeZeroNegatif_" time="0.177"/>
  <system-out/>
  <testcase classname="dev.djob.id.QuadraticEquationSolverTest" name="testSolveA_TresProcheDeZeroPositif_B_TresGrandNegatif_C_TresProcheDeZeroNegatif_" time="0.152"/>
  <system-out/>
  <testcase classname="dev.djob.id.QuadraticEquationSolverTest" name="testSolveA_TresGrandNegatif_B_PositifNormal_C_NegatifNormal_" time="0.179"/>
  <system-out/>
  <testcase classname="dev.djob.id.QuadraticEquationSolverTest" name="testSolveA_TresGrandNegatif_B_NegatifNormal_C_TresGrandNegatif_" time="0.296"/>
  <system-out/>
  <testcase classname="dev.djob.id.QuadraticEquationSolverTest" name="testSolveA_ProcheDeZeroNegatif_B_ProcheDeZeroPositif_C_TresProcheDeZeroNegatif_" time="0.089"/>
  <system-out/>
  <testcase classname="dev.djob.id.QuadraticEquationSolverTest" name="testSolveA_TresGrandPositif_B_ProcheDeZeroPositif_C_ProcheDeZeroPositif_" time="0.157"/>
  <system-out/>
  <testcase classname="dev.djob.id.QuadraticEquationSolverTest" name="testSolveA_TresProcheDeZeroPositif_B_TresProcheDeZeroNegatif_C_NegatifNormal_" time="0.136"/>
  <system-out/>
  <testcase classname="dev.djob.id.QuadraticEquationSolverTest" name="testSolveA_NegatifNormal_B_ProcheDeZeroPositif_C_TresGrandNegatif_" time="0.272"/>
  <system-out/>
  <testcase classname="dev.djob.id.QuadraticEquationSolverTest" name="testSolveA_TresProcheDeZeroPositif_B_PositifNormal_C_PositifNormal_" time="0.304"/>
  <system-out/>
  <testcase classname="dev.djob.id.QuadraticEquationSolverTest" name="testSolveA_ProcheDeZeroPositif_B_TresGrandNegatif_C_TresGrandNegatif_" time="0.109"/>
  <system-out/>
  <testcase classname="dev.djob.id.QuadraticEquationSolverTest" name="testSolveA_TresProcheDeZeroNegatif_B_TresGrandNegatif_C_NegatifNormal_" time="0.200"/>
  <system-out/>
  <testcase classname="dev.djob.id.QuadraticEquationSolverTest" name="testSolveA_TresGrandPositif_B_Zero_C_TresProcheDeZeroNegatif_" time="0.273"/>
  <system-out/>
  <testcase classname="dev.djob.id.QuadraticEquationSolverTest" name="testSolveA_Zero_B_NegatifNormal_C_NegatifNormal_" time="0.175"/>
  <system-out/>
  <testcase classname="dev.djob.id.QuadraticEquationSolverTest" name="testSolveA_TresProcheDeZeroPositif_B_TresProcheDeZeroPositif_C_ProcheDeZeroNegatif_" time="0.217"/>
  <system-out/>
  <testcase classname="dev.djob.id.QuadraticEquationSolverTest" name="testSolveA_PositifNormal_B_ProcheDeZeroNegatif_C_NegatifNormal_" time="0.147"/>
  <system-out/>
  <testcase classname="dev.djob.id.QuadraticEquationSolverTest" name="testSolveA_PositifNormal_B_NegatifNormal_C_PositifNormal_" time="0.219"/>
  <system-out/>
  <testcase classname="dev.djob.id.QuadraticEquationSolverTest" name="testSolveA_TresGrandNegatif_B_TresGrandNegatif_C_ProcheDeZeroPositif_" time="0.176"/>
  <system-out/>
  <testcase classname="dev.djob.id.QuadraticEquationSolverTest" name="testSolveA_Zero_B_ProcheDeZeroPositif_C_ProcheDeZeroNegatif_" time="0.222"/>
  <system-out/>
  <testcase classname="dev.djob.id.QuadraticEquationSolverTest" name="testSolveA_TresGrandPositif_B_ProcheDeZeroNegatif_C_Zero_" time="0.166"/>
  <system-out/>
  <testcase classname="dev.djob.id.QuadraticEquationSolverTest" name="testSolveA_TresGrandPositif_B_PositifNormal_C_TresGrandNegatif_" time="0.202"/>
  <system-out/>
  <testcase classname="dev.djob.id.QuadraticEquationSolverTest" name="testSolveA_Zero_B_ProcheDeZeroNegatif_C_ProcheDeZeroPositif_" time="0.303"/>
  <system-out/>
  <testcase classname="dev.djob.id.QuadraticEquationSolverTest" name="testSolveA_ProcheDeZeroPositif_B_TresGrandPositif_C_ProcheDeZeroNegatif_" time="0.217"/>
  <system-out/>
  <testcase classname="dev.djob.id.QuadraticEquationSolverTest" name="testSolveA_TresProcheDeZeroNegatif_B_NegatifNormal_C_ProcheDeZeroPositif_" time="0.311"/>
  <system-out/>
  <testcase classname="dev.djob.id.QuadraticEquationSolverTest" name="testSolveA_NegatifNormal_B_TresGrandPositif_C_ProcheDeZeroPositif_" time="0.102"/>
  <system-out/>
  <testcase classname="dev.djob.id.QuadraticEquationSolverTest" name="testSolveA_ProcheDeZeroPositif_B_NegatifNormal_C_ProcheDeZeroPositif_" time="0.172"/>
  <system-out/>
  <testcase classname="dev.djob.id.QuadraticEquationSolverTest" name="testSolveA_TresProcheDeZeroPositif_B_TresProcheDeZeroPositif_C_TresGrandNegatif_" time="0.273"/>
  <system-out/>
  <testcase classname="dev.djob.id.QuadraticEquationSolverTest" name="testSolveA_ProcheDeZeroNegatif_B_Zero_C_Zero_" time="0.226"/>
  <system-out/>
  <testcase classname="dev.djob.id.QuadraticEquationSolverTest" name="testSolveA_TresProcheDeZeroNegatif_B_TresProcheDeZeroNegatif_C_TresGrandPositif_" time="0.197"/>
  <system-out/>
  <testcase classname="dev.djob.id.QuadraticEquationSolverTest" name="testSolveA_TresProcheDeZeroNegatif_B_PositifNormal_C_TresProcheDeZeroPositif_" time="0.297"/>
  <system-out/>
  <testcase classname="dev.djob.id.QuadraticEquationSolverTest" name="testSolveA_ProcheDeZeroNegatif_B_NegatifNormal_C_TresProcheDeZeroPositif_" time="0.182"/>
  <system-out/>
  <testcase classname="dev.djob.id.QuadraticEquationSolverTest" name="testSolveA_TresGrandNegatif_B_ProcheDeZeroPositif_C_TresGrandPositif_" time="0.221"/>
  <system-out/>
  <testcase classname="dev.djob.id.QuadraticEquationSolverTest" name="testSolveA_ProcheDeZeroPositif_B_TresProcheDeZeroNegatif_C_TresProcheDeZeroNegatif_" time="0.176"/>
  <system-out/>
  <testcase classname="dev.djob.id.QuadraticEquationSolverTest" name="testSolveA_TresProcheDeZeroNegatif_B_ProcheDeZeroPositif_C_PositifNormal_" time="0.176"/>
  <system-out/>
  <testcase classname="dev.djob.id.QuadraticEquationSolverTest" name="testSolveA_TresProcheDeZeroPositif_B_ProcheDeZeroNegatif_C_TresGrandPositif_" time="0.179"/>
  <system-out/>
  <testcase classname="dev.djob.id.QuadraticEquationSolverTest" name="testSolveA_TresGrandNegatif_B_TresGrandPositif_C_Zero_" time="0.150"/>
  <system-out/>
  <testcase classname="dev.djob.id.QuadraticEquationSolverTest" name="testSolveA_ProcheDeZeroPositif_B_ProcheDeZeroNegatif_C_TresProcheDeZeroNegatif_" time="0.299"/>
  <system-out/>
  <testcase classname="dev.djob.id.QuadraticEquationSolverTest" name="testSolveA_ProcheDeZeroPositif_B_PositifNormal_C_TresGrandPositif_" time="0.302"/>
  <system-out/>
  <testcase classname="dev.djob.id.QuadraticEquationSolverTest" name="testSolveA_TresProcheDeZeroPositif_B_NegatifNormal_C_Zero_" time="0.275"/>
  <system-out/>
  <testcase classname="dev.djob.id.QuadraticEquationSolverTest" name="testSolveA_ProcheDeZeroNegatif_B_TresProcheDeZeroPositif_C_ProcheDeZeroNegatif_" time="0.168"/>
  <system-out/>
  <testcase classname="dev.djob.id.QuadraticEquationSolverTest" name="testSolveA_ProcheDeZeroNegatif_B_ProcheDeZeroNegatif_C_PositifNormal_" time="0.154"/>
  <system-out/>
  <testcase classname="dev.djob.id.QuadraticEquationSolverTest" name="testSolveA_TresGrandNegatif_B_TresProcheDeZeroPositif_C_TresProcheDeZeroNegatif_" time="0.093"/>
  <system-out/>
  <testcase classname="dev.djob.id.QuadraticEquationSolverTest" name="testSolveA_TresGrandPositif_B_TresProcheDeZeroNegatif_C_ProcheDeZeroPositif_" time="0.165"/>
  <system-out/>
  <testcase classname="dev.djob.id.QuadraticEquationSolverTest" name="testSolveA_PositifNormal_B_TresProcheDeZeroPositif_C_ProcheDeZeroPositif_" time="0.116"/>
  <system-out/>
  <testcase classname="dev.djob.id.QuadraticEquationSolverTest" name="testSolveA_ProcheDeZeroNegatif_B_PositifNormal_C_NegatifNormal_" time="0.204"/>
  <system-out/>
  <testcase classname="dev.djob.id.QuadraticEquationSolverTest" name="testSolveA_ProcheDeZeroPositif_B_ProcheDeZeroNegatif_C_ProcheDeZeroNegatif_" time="0.123"/>
  <system-out/>
  <testcase classname="dev.djob.id.QuadraticEquationSolverTest" name="testSolveA_PositifNormal_B_Zero_C_PositifNormal_" time="0.210"/>
  <system-out/>
  <testcase classname="dev.djob.id.QuadraticEquationSolverTest" name="testSolveA_ProcheDeZeroPositif_B_Zero_C_TresProcheDeZeroPositif_" time="0.214"/>
  <system-out/>
  <testcase classname="dev.djob.id.QuadraticEquationSolverTest" name="testSolveA_TresProcheDeZeroNegatif_B_ProcheDeZeroNegatif_C_TresGrandNegatif_" time="0.309"/>
  <system-out/>
  <testcase classname="dev.djob.id.QuadraticEquationSolverTest" name="testSolveA_PositifNormal_B_Zero_C_TresGrandPositif_" time="0.292"/>
  <system-out/>
  <testcase classname="dev.djob.id.QuadraticEquationSolverTest" name="testSolveA_NegatifNormal_B_Zero_C_TresGrandPositif_" time="0.125"/>
  <system-out/>
  <testcase classname="dev.djob.id.QuadraticEquationSolverTest" name="testSolveA_TresGrandNegatif_B_Zero_C_PositifNormal_" time="0.109"/>
  <system-out/>
  <testcase classname="dev.djob.id.QuadraticEquationSolverTest" name="testSolveA_TresGrandNegatif_B_ProcheDeZeroNegatif_C_TresProcheDeZeroPositif_" time="0.079"/>
  <system-out/>
  <testcase classname="dev.djob.id.QuadraticEquationSolverTest" name="testSolveA_TresGrandPositif_B_TresProcheDeZeroPositif_C_TresProcheDeZeroPositif_" time="0.180"/>
  <system-out/>
  <testcase classname="dev.djob.id.QuadraticEquationSolverTest" name="testSolveA_PositifNormal_B_PositifNormal_C_Zero_" time="0.277"/>
  <system-out/>
  <testcase classname="dev.djob.id.QuadraticEquationSolverTest" name="testSolveA_PositifNormal_B_TresGrandPositif_C_TresGrandNegatif_" time="0.309"/>
  <system-out/>
  <testcase classname="dev.djob.id.QuadraticEquationSolverTest" name="testSolveA_PositifNormal_B_TresGrandNegatif_C_TresProcheDeZeroNegatif_" time="0.177"/>
  <system-out/>
  <testcase classname="dev.djob.id.QuadraticEquationSolverTest" name="testSolveA_TresProcheDeZeroNegatif_B_Zero_C_ProcheDeZeroNegatif_" time="0.181"/>
  <system-out/>
  <testcase classname="dev.djob.id.QuadraticEquationSolverTest" name="testSolveA_TresGrandPositif_B_NegatifNormal_C_TresGrandPositif_" time="0.159"/>
  <system-out/>
  <testcase classname="dev.djob.id.QuadraticEquationSolverTest" name="testSolveA_TresProcheDeZeroNegatif_B_TresGrandPositif_C_Zero_" time="0.301"/>
  <system-out/>
  <testcase classname="dev.djob.id.QuadraticEquationSolverTest" name="testSolveA_TresGrandPositif_B_TresGrandNegatif_C_PositifNormal_" time="0.098"/>
  <system-out/>
  <testcase classname="dev.djob.id.QuadraticEquationSolverTest" name="testSolveA_Zero_B_TresProcheDeZeroPositif_C_PositifNormal_" time="0.163"/>
  <system-out/>
  <testcase classname="dev.djob.id.QuadraticEquationSolverTest" name="testSolveA_Zero_B_TresGrandPositif_C_TresGrandPositif_" time="0.173"/>
  <system-out/>
  <testcase classname="dev.djob.id.QuadraticEquationSolverTest" name="testSolveA_NegatifNormal_B_TresProcheDeZeroNegatif_C_PositifNormal_" time="0.133"/>
  <system-out/>
  <testcase classname="dev.djob.id.QuadraticEquationSolverTest" name="testSolveA_NegatifNormal_B_ProcheDeZeroNegatif_C_TresProcheDeZeroPositif_" time="0.169"/>
  <system-out/>
  <testcase classname="dev.djob.id.QuadraticEquationSolverTest" name="testSolveA_NegatifNormal_B_TresProcheDeZeroPositif_C_NegatifNormal_" time="0.215"/>
  <system-out/>
</testsuite> <!-- dev.djob.id.QuadraticEquationSolverTest -->
